<?xml version="1.0" encoding="UTF-8"?>
<coverage generated="1634054528966" clover="3.2.0">
  <project timestamp="1634054528966" name="All files">
    <metrics statements="200" coveredstatements="148" conditionals="29" coveredconditionals="7" methods="32" coveredmethods="22" elements="261" coveredelements="177" complexity="0" loc="200" ncloc="200" packages="6" files="23" classes="23"/>
    <package name="server">
      <metrics statements="12" coveredstatements="12" conditionals="2" coveredconditionals="1" methods="1" coveredmethods="1"/>
      <file name="app.js" path="/Users/halimsyarif/Documents/Bootcamp/Phase3/Final Project/hospiCare/server/app.js">
        <metrics statements="12" coveredstatements="12" conditionals="2" coveredconditionals="1" methods="1" coveredmethods="1"/>
        <line num="1" count="1" type="stmt"/>
        <line num="2" count="1" type="stmt"/>
        <line num="3" count="1" type="stmt"/>
        <line num="4" count="1" type="stmt"/>
        <line num="5" count="1" type="stmt"/>
        <line num="6" count="1" type="cond" truecount="1" falsecount="1"/>
        <line num="9" count="1" type="stmt"/>
        <line num="10" count="1" type="stmt"/>
        <line num="11" count="1" type="stmt"/>
        <line num="14" count="1" type="stmt"/>
        <line num="17" count="1" type="stmt"/>
        <line num="18" count="1" type="stmt"/>
      </file>
    </package>
    <package name="server.controllers">
      <metrics statements="15" coveredstatements="4" conditionals="8" coveredconditionals="0" methods="1" coveredmethods="0"/>
      <file name="Employee.js" path="/Users/halimsyarif/Documents/Bootcamp/Phase3/Final Project/hospiCare/server/controllers/Employee.js">
        <metrics statements="15" coveredstatements="4" conditionals="8" coveredconditionals="0" methods="1" coveredmethods="0"/>
        <line num="1" count="1" type="stmt"/>
        <line num="2" count="1" type="stmt"/>
        <line num="3" count="1" type="stmt"/>
        <line num="7" count="0" type="stmt"/>
        <line num="8" count="0" type="stmt"/>
        <line num="9" count="0" type="cond" truecount="0" falsecount="4"/>
        <line num="10" count="0" type="stmt"/>
        <line num="12" count="0" type="stmt"/>
        <line num="16" count="0" type="cond" truecount="0" falsecount="4"/>
        <line num="17" count="0" type="stmt"/>
        <line num="20" count="0" type="stmt"/>
        <line num="27" count="0" type="stmt"/>
        <line num="29" count="0" type="stmt"/>
        <line num="37" count="0" type="stmt"/>
        <line num="42" count="1" type="stmt"/>
      </file>
    </package>
    <package name="server.helpers">
      <metrics statements="9" coveredstatements="5" conditionals="0" coveredconditionals="0" methods="4" coveredmethods="0"/>
      <file name="bcrypt.js" path="/Users/halimsyarif/Documents/Bootcamp/Phase3/Final Project/hospiCare/server/helpers/bcrypt.js">
        <metrics statements="4" coveredstatements="2" conditionals="0" coveredconditionals="0" methods="2" coveredmethods="0"/>
        <line num="1" count="1" type="stmt"/>
        <line num="5" count="0" type="stmt"/>
        <line num="9" count="0" type="stmt"/>
        <line num="12" count="1" type="stmt"/>
      </file>
      <file name="jwt.js" path="/Users/halimsyarif/Documents/Bootcamp/Phase3/Final Project/hospiCare/server/helpers/jwt.js">
        <metrics statements="5" coveredstatements="3" conditionals="0" coveredconditionals="0" methods="2" coveredmethods="0"/>
        <line num="1" count="1" type="stmt"/>
        <line num="2" count="1" type="stmt"/>
        <line num="5" count="0" type="stmt"/>
        <line num="9" count="0" type="stmt"/>
        <line num="12" count="1" type="stmt"/>
      </file>
    </package>
    <package name="server.middlewares">
      <metrics statements="36" coveredstatements="2" conditionals="10" coveredconditionals="0" methods="2" coveredmethods="0"/>
      <file name="errorhandler.js" path="/Users/halimsyarif/Documents/Bootcamp/Phase3/Final Project/hospiCare/server/middlewares/errorhandler.js">
        <metrics statements="36" coveredstatements="2" conditionals="10" coveredconditionals="0" methods="2" coveredmethods="0"/>
        <line num="1" count="1" type="stmt"/>
        <line num="2" count="0" type="stmt"/>
        <line num="3" count="0" type="stmt"/>
        <line num="5" count="0" type="cond" truecount="0" falsecount="10"/>
        <line num="7" count="0" type="stmt"/>
        <line num="8" count="0" type="stmt"/>
        <line num="9" count="0" type="stmt"/>
        <line num="12" count="0" type="stmt"/>
        <line num="13" count="0" type="stmt"/>
        <line num="14" count="0" type="stmt"/>
        <line num="17" count="0" type="stmt"/>
        <line num="18" count="0" type="stmt"/>
        <line num="19" count="0" type="stmt"/>
        <line num="22" count="0" type="stmt"/>
        <line num="23" count="0" type="stmt"/>
        <line num="24" count="0" type="stmt"/>
        <line num="27" count="0" type="stmt"/>
        <line num="28" count="0" type="stmt"/>
        <line num="29" count="0" type="stmt"/>
        <line num="32" count="0" type="stmt"/>
        <line num="33" count="0" type="stmt"/>
        <line num="34" count="0" type="stmt"/>
        <line num="37" count="0" type="stmt"/>
        <line num="38" count="0" type="stmt"/>
        <line num="39" count="0" type="stmt"/>
        <line num="42" count="0" type="stmt"/>
        <line num="43" count="0" type="stmt"/>
        <line num="44" count="0" type="stmt"/>
        <line num="47" count="0" type="stmt"/>
        <line num="48" count="0" type="stmt"/>
        <line num="49" count="0" type="stmt"/>
        <line num="52" count="0" type="stmt"/>
        <line num="55" count="0" type="stmt"/>
        <line num="56" count="0" type="stmt"/>
        <line num="57" count="0" type="stmt"/>
        <line num="60" count="1" type="stmt"/>
      </file>
    </package>
    <package name="server.models">
      <metrics statements="58" coveredstatements="55" conditionals="9" coveredconditionals="6" methods="23" coveredmethods="21"/>
      <file name="bookingSchedule.js" path="/Users/halimsyarif/Documents/Bootcamp/Phase3/Final Project/hospiCare/server/models/bookingSchedule.js">
        <metrics statements="5" coveredstatements="4" conditionals="0" coveredconditionals="0" methods="3" coveredmethods="2"/>
        <line num="4" count="1" type="stmt"/>
        <line num="5" count="1" type="stmt"/>
        <line num="16" count="1" type="stmt"/>
        <line num="33" count="0" type="stmt"/>
        <line num="39" count="1" type="stmt"/>
      </file>
      <file name="day.js" path="/Users/halimsyarif/Documents/Bootcamp/Phase3/Final Project/hospiCare/server/models/day.js">
        <metrics statements="4" coveredstatements="4" conditionals="0" coveredconditionals="0" methods="2" coveredmethods="2"/>
        <line num="4" count="1" type="stmt"/>
        <line num="5" count="1" type="stmt"/>
        <line num="16" count="1" type="stmt"/>
        <line num="25" count="1" type="stmt"/>
      </file>
      <file name="doctorSchedule.js" path="/Users/halimsyarif/Documents/Bootcamp/Phase3/Final Project/hospiCare/server/models/doctorSchedule.js">
        <metrics statements="4" coveredstatements="4" conditionals="0" coveredconditionals="0" methods="2" coveredmethods="2"/>
        <line num="4" count="1" type="stmt"/>
        <line num="5" count="1" type="stmt"/>
        <line num="16" count="1" type="stmt"/>
        <line num="45" count="1" type="stmt"/>
      </file>
      <file name="employee.js" path="/Users/halimsyarif/Documents/Bootcamp/Phase3/Final Project/hospiCare/server/models/employee.js">
        <metrics statements="4" coveredstatements="4" conditionals="0" coveredconditionals="0" methods="2" coveredmethods="2"/>
        <line num="4" count="1" type="stmt"/>
        <line num="5" count="1" type="stmt"/>
        <line num="16" count="1" type="stmt"/>
        <line num="51" count="1" type="stmt"/>
      </file>
      <file name="index.js" path="/Users/halimsyarif/Documents/Bootcamp/Phase3/Final Project/hospiCare/server/models/index.js">
        <metrics statements="20" coveredstatements="19" conditionals="9" coveredconditionals="6" methods="3" coveredmethods="3"/>
        <line num="3" count="1" type="stmt"/>
        <line num="4" count="1" type="stmt"/>
        <line num="5" count="1" type="stmt"/>
        <line num="6" count="1" type="stmt"/>
        <line num="7" count="1" type="cond" truecount="1" falsecount="1"/>
        <line num="8" count="1" type="stmt"/>
        <line num="9" count="1" type="stmt"/>
        <line num="12" count="1" type="cond" truecount="1" falsecount="1"/>
        <line num="13" count="0" type="stmt"/>
        <line num="15" count="1" type="stmt"/>
        <line num="18" count="1" type="stmt"/>
        <line num="21" count="10" type="cond" truecount="3" falsecount="0"/>
        <line num="24" count="9" type="stmt"/>
        <line num="25" count="9" type="stmt"/>
        <line num="28" count="1" type="stmt"/>
        <line num="29" count="9" type="cond" truecount="1" falsecount="1"/>
        <line num="30" count="9" type="stmt"/>
        <line num="34" count="1" type="stmt"/>
        <line num="35" count="1" type="stmt"/>
        <line num="37" count="1" type="stmt"/>
      </file>
      <file name="medicationHistory.js" path="/Users/halimsyarif/Documents/Bootcamp/Phase3/Final Project/hospiCare/server/models/medicationHistory.js">
        <metrics statements="5" coveredstatements="4" conditionals="0" coveredconditionals="0" methods="3" coveredmethods="2"/>
        <line num="4" count="1" type="stmt"/>
        <line num="5" count="1" type="stmt"/>
        <line num="16" count="1" type="stmt"/>
        <line num="33" count="0" type="stmt"/>
        <line num="39" count="1" type="stmt"/>
      </file>
      <file name="medicine.js" path="/Users/halimsyarif/Documents/Bootcamp/Phase3/Final Project/hospiCare/server/models/medicine.js">
        <metrics statements="4" coveredstatements="4" conditionals="0" coveredconditionals="0" methods="2" coveredmethods="2"/>
        <line num="4" count="1" type="stmt"/>
        <line num="5" count="1" type="stmt"/>
        <line num="16" count="1" type="stmt"/>
        <line num="33" count="1" type="stmt"/>
      </file>
      <file name="patient.js" path="/Users/halimsyarif/Documents/Bootcamp/Phase3/Final Project/hospiCare/server/models/patient.js">
        <metrics statements="4" coveredstatements="4" conditionals="0" coveredconditionals="0" methods="2" coveredmethods="2"/>
        <line num="4" count="1" type="stmt"/>
        <line num="5" count="1" type="stmt"/>
        <line num="16" count="1" type="stmt"/>
        <line num="45" count="1" type="stmt"/>
      </file>
      <file name="patientMedicine.js" path="/Users/halimsyarif/Documents/Bootcamp/Phase3/Final Project/hospiCare/server/models/patientMedicine.js">
        <metrics statements="4" coveredstatements="4" conditionals="0" coveredconditionals="0" methods="2" coveredmethods="2"/>
        <line num="4" count="1" type="stmt"/>
        <line num="5" count="1" type="stmt"/>
        <line num="16" count="1" type="stmt"/>
        <line num="36" count="1" type="stmt"/>
      </file>
      <file name="poli.js" path="/Users/halimsyarif/Documents/Bootcamp/Phase3/Final Project/hospiCare/server/models/poli.js">
        <metrics statements="4" coveredstatements="4" conditionals="0" coveredconditionals="0" methods="2" coveredmethods="2"/>
        <line num="4" count="1" type="stmt"/>
        <line num="5" count="1" type="stmt"/>
        <line num="16" count="1" type="stmt"/>
        <line num="25" count="1" type="stmt"/>
      </file>
    </package>
    <package name="server.routes">
      <metrics statements="70" coveredstatements="70" conditionals="0" coveredconditionals="0" methods="1" coveredmethods="0"/>
      <file name="bookings.js" path="/Users/halimsyarif/Documents/Bootcamp/Phase3/Final Project/hospiCare/server/routes/bookings.js">
        <metrics statements="8" coveredstatements="8" conditionals="0" coveredconditionals="0" methods="0" coveredmethods="0"/>
        <line num="1" count="1" type="stmt"/>
        <line num="3" count="1" type="stmt"/>
        <line num="4" count="1" type="stmt"/>
        <line num="5" count="1" type="stmt"/>
        <line num="6" count="1" type="stmt"/>
        <line num="7" count="1" type="stmt"/>
        <line num="8" count="1" type="stmt"/>
        <line num="10" count="1" type="stmt"/>
      </file>
      <file name="days.js" path="/Users/halimsyarif/Documents/Bootcamp/Phase3/Final Project/hospiCare/server/routes/days.js">
        <metrics statements="5" coveredstatements="5" conditionals="0" coveredconditionals="0" methods="0" coveredmethods="0"/>
        <line num="1" count="1" type="stmt"/>
        <line num="4" count="1" type="stmt"/>
        <line num="5" count="1" type="stmt"/>
        <line num="6" count="1" type="stmt"/>
        <line num="8" count="1" type="stmt"/>
      </file>
      <file name="employees.js" path="/Users/halimsyarif/Documents/Bootcamp/Phase3/Final Project/hospiCare/server/routes/employees.js">
        <metrics statements="11" coveredstatements="11" conditionals="0" coveredconditionals="0" methods="0" coveredmethods="0"/>
        <line num="1" count="1" type="stmt"/>
        <line num="2" count="1" type="stmt"/>
        <line num="5" count="1" type="stmt"/>
        <line num="6" count="1" type="stmt"/>
        <line num="7" count="1" type="stmt"/>
        <line num="8" count="1" type="stmt"/>
        <line num="9" count="1" type="stmt"/>
        <line num="10" count="1" type="stmt"/>
        <line num="11" count="1" type="stmt"/>
        <line num="12" count="1" type="stmt"/>
        <line num="15" count="1" type="stmt"/>
      </file>
      <file name="histories.js" path="/Users/halimsyarif/Documents/Bootcamp/Phase3/Final Project/hospiCare/server/routes/histories.js">
        <metrics statements="7" coveredstatements="7" conditionals="0" coveredconditionals="0" methods="0" coveredmethods="0"/>
        <line num="1" count="1" type="stmt"/>
        <line num="3" count="1" type="stmt"/>
        <line num="4" count="1" type="stmt"/>
        <line num="5" count="1" type="stmt"/>
        <line num="6" count="1" type="stmt"/>
        <line num="7" count="1" type="stmt"/>
        <line num="9" count="1" type="stmt"/>
      </file>
      <file name="index.js" path="/Users/halimsyarif/Documents/Bootcamp/Phase3/Final Project/hospiCare/server/routes/index.js">
        <metrics statements="18" coveredstatements="18" conditionals="0" coveredconditionals="0" methods="0" coveredmethods="0"/>
        <line num="1" count="1" type="stmt"/>
        <line num="2" count="1" type="stmt"/>
        <line num="3" count="1" type="stmt"/>
        <line num="4" count="1" type="stmt"/>
        <line num="5" count="1" type="stmt"/>
        <line num="6" count="1" type="stmt"/>
        <line num="7" count="1" type="stmt"/>
        <line num="8" count="1" type="stmt"/>
        <line num="9" count="1" type="stmt"/>
        <line num="12" count="1" type="stmt"/>
        <line num="13" count="1" type="stmt"/>
        <line num="14" count="1" type="stmt"/>
        <line num="15" count="1" type="stmt"/>
        <line num="16" count="1" type="stmt"/>
        <line num="17" count="1" type="stmt"/>
        <line num="18" count="1" type="stmt"/>
        <line num="21" count="1" type="stmt"/>
        <line num="25" count="1" type="stmt"/>
      </file>
      <file name="medicines.js" path="/Users/halimsyarif/Documents/Bootcamp/Phase3/Final Project/hospiCare/server/routes/medicines.js">
        <metrics statements="7" coveredstatements="7" conditionals="0" coveredconditionals="0" methods="0" coveredmethods="0"/>
        <line num="1" count="1" type="stmt"/>
        <line num="4" count="1" type="stmt"/>
        <line num="5" count="1" type="stmt"/>
        <line num="6" count="1" type="stmt"/>
        <line num="7" count="1" type="stmt"/>
        <line num="8" count="1" type="stmt"/>
        <line num="11" count="1" type="stmt"/>
      </file>
      <file name="patients.js" path="/Users/halimsyarif/Documents/Bootcamp/Phase3/Final Project/hospiCare/server/routes/patients.js">
        <metrics statements="7" coveredstatements="7" conditionals="0" coveredconditionals="0" methods="1" coveredmethods="0"/>
        <line num="1" count="1" type="stmt"/>
        <line num="4" count="1" type="stmt"/>
        <line num="5" count="1" type="stmt"/>
        <line num="6" count="1" type="stmt"/>
        <line num="7" count="1" type="stmt"/>
        <line num="8" count="1" type="stmt"/>
        <line num="11" count="1" type="stmt"/>
      </file>
      <file name="schedules.js" path="/Users/halimsyarif/Documents/Bootcamp/Phase3/Final Project/hospiCare/server/routes/schedules.js">
        <metrics statements="7" coveredstatements="7" conditionals="0" coveredconditionals="0" methods="0" coveredmethods="0"/>
        <line num="1" count="1" type="stmt"/>
        <line num="3" count="1" type="stmt"/>
        <line num="4" count="1" type="stmt"/>
        <line num="5" count="1" type="stmt"/>
        <line num="6" count="1" type="stmt"/>
        <line num="7" count="1" type="stmt"/>
        <line num="9" count="1" type="stmt"/>
      </file>
    </package>
  </project>
</coverage>
