{"/Users/halimsyarif/Documents/Bootcamp/Phase3/Final Project/hospiCare/server/app.js": {"path":"/Users/halimsyarif/Documents/Bootcamp/Phase3/Final Project/hospiCare/server/app.js","statementMap":{"0":{"start":{"line":1,"column":0},"end":{"line":1,"column":26}},"1":{"start":{"line":2,"column":16},"end":{"line":2,"column":34}},"2":{"start":{"line":3,"column":12},"end":{"line":3,"column":21}},"3":{"start":{"line":4,"column":13},"end":{"line":4,"column":28}},"4":{"start":{"line":5,"column":15},"end":{"line":5,"column":34}},"5":{"start":{"line":6,"column":13},"end":{"line":6,"column":37}},"6":{"start":{"line":9,"column":0},"end":{"line":9,"column":15}},"7":{"start":{"line":10,"column":0},"end":{"line":10,"column":23}},"8":{"start":{"line":11,"column":0},"end":{"line":11,"column":45}},"9":{"start":{"line":14,"column":0},"end":{"line":14,"column":15}},"10":{"start":{"line":17,"column":0},"end":{"line":19,"column":2}},"11":{"start":{"line":18,"column":4},"end":{"line":18,"column":47}}},"fnMap":{"0":{"name":"(anonymous_0)","decl":{"start":{"line":17,"column":17},"end":{"line":17,"column":18}},"loc":{"start":{"line":17,"column":23},"end":{"line":19,"column":1}},"line":17}},"branchMap":{"0":{"loc":{"start":{"line":6,"column":13},"end":{"line":6,"column":37}},"type":"binary-expr","locations":[{"start":{"line":6,"column":13},"end":{"line":6,"column":29}},{"start":{"line":6,"column":33},"end":{"line":6,"column":37}}],"line":6}},"s":{"0":1,"1":1,"2":1,"3":1,"4":1,"5":1,"6":1,"7":1,"8":1,"9":1,"10":1,"11":1},"f":{"0":1},"b":{"0":[1,0]},"_coverageSchema":"1a1c01bbd47fc00a2c39e90264f33305004495a9","hash":"27038969d94f8702e9674d88bae02fdb14fcb40d"}
,"/Users/halimsyarif/Documents/Bootcamp/Phase3/Final Project/hospiCare/server/controllers/Employee.js": {"path":"/Users/halimsyarif/Documents/Bootcamp/Phase3/Final Project/hospiCare/server/controllers/Employee.js","statementMap":{"0":{"start":{"line":1,"column":21},"end":{"line":1,"column":41}},"1":{"start":{"line":2,"column":26},"end":{"line":2,"column":54}},"2":{"start":{"line":3,"column":22},"end":{"line":3,"column":47}},"3":{"start":{"line":7,"column":6},"end":{"line":38,"column":7}},"4":{"start":{"line":8,"column":34},"end":{"line":8,"column":42}},"5":{"start":{"line":9,"column":8},"end":{"line":11,"column":9}},"6":{"start":{"line":10,"column":10},"end":{"line":10,"column":48}},"7":{"start":{"line":12,"column":21},"end":{"line":14,"column":10}},"8":{"start":{"line":16,"column":8},"end":{"line":18,"column":9}},"9":{"start":{"line":17,"column":10},"end":{"line":17,"column":42}},"10":{"start":{"line":20,"column":24},"end":{"line":25,"column":9}},"11":{"start":{"line":27,"column":27},"end":{"line":27,"column":45}},"12":{"start":{"line":29,"column":8},"end":{"line":34,"column":11}},"13":{"start":{"line":37,"column":8},"end":{"line":37,"column":17}},"14":{"start":{"line":42,"column":0},"end":{"line":42,"column":35}}},"fnMap":{"0":{"name":"(anonymous_0)","decl":{"start":{"line":6,"column":4},"end":{"line":6,"column":5}},"loc":{"start":{"line":6,"column":46},"end":{"line":39,"column":5}},"line":6}},"branchMap":{"0":{"loc":{"start":{"line":9,"column":8},"end":{"line":11,"column":9}},"type":"if","locations":[{"start":{"line":9,"column":8},"end":{"line":11,"column":9}},{"start":{"line":9,"column":8},"end":{"line":11,"column":9}}],"line":9},"1":{"loc":{"start":{"line":9,"column":11},"end":{"line":9,"column":30}},"type":"binary-expr","locations":[{"start":{"line":9,"column":11},"end":{"line":9,"column":17}},{"start":{"line":9,"column":21},"end":{"line":9,"column":30}}],"line":9},"2":{"loc":{"start":{"line":16,"column":8},"end":{"line":18,"column":9}},"type":"if","locations":[{"start":{"line":16,"column":8},"end":{"line":18,"column":9}},{"start":{"line":16,"column":8},"end":{"line":18,"column":9}}],"line":16},"3":{"loc":{"start":{"line":16,"column":12},"end":{"line":16,"column":64}},"type":"binary-expr","locations":[{"start":{"line":16,"column":12},"end":{"line":16,"column":19}},{"start":{"line":16,"column":23},"end":{"line":16,"column":64}}],"line":16}},"s":{"0":1,"1":1,"2":1,"3":0,"4":0,"5":0,"6":0,"7":0,"8":0,"9":0,"10":0,"11":0,"12":0,"13":0,"14":1},"f":{"0":0},"b":{"0":[0,0],"1":[0,0],"2":[0,0],"3":[0,0]},"_coverageSchema":"1a1c01bbd47fc00a2c39e90264f33305004495a9","hash":"eedb584a88d38bced8dbae2a91ec577641a39cbc"}
,"/Users/halimsyarif/Documents/Bootcamp/Phase3/Final Project/hospiCare/server/helpers/bcrypt.js": {"path":"/Users/halimsyarif/Documents/Bootcamp/Phase3/Final Project/hospiCare/server/helpers/bcrypt.js","statementMap":{"0":{"start":{"line":1,"column":15},"end":{"line":1,"column":32}},"1":{"start":{"line":5,"column":4},"end":{"line":5,"column":60}},"2":{"start":{"line":9,"column":4},"end":{"line":9,"column":53}},"3":{"start":{"line":12,"column":0},"end":{"line":15,"column":1}}},"fnMap":{"0":{"name":"hashPassword","decl":{"start":{"line":4,"column":9},"end":{"line":4,"column":21}},"loc":{"start":{"line":4,"column":31},"end":{"line":6,"column":1}},"line":4},"1":{"name":"checkPassword","decl":{"start":{"line":8,"column":9},"end":{"line":8,"column":22}},"loc":{"start":{"line":8,"column":46},"end":{"line":10,"column":1}},"line":8}},"branchMap":{},"s":{"0":1,"1":0,"2":0,"3":1},"f":{"0":0,"1":0},"b":{},"_coverageSchema":"1a1c01bbd47fc00a2c39e90264f33305004495a9","hash":"305545749c57fdf4871ecf4662696436e148aff0"}
,"/Users/halimsyarif/Documents/Bootcamp/Phase3/Final Project/hospiCare/server/helpers/jwt.js": {"path":"/Users/halimsyarif/Documents/Bootcamp/Phase3/Final Project/hospiCare/server/helpers/jwt.js","statementMap":{"0":{"start":{"line":1,"column":12},"end":{"line":1,"column":35}},"1":{"start":{"line":2,"column":15},"end":{"line":2,"column":36}},"2":{"start":{"line":5,"column":4},"end":{"line":5,"column":36}},"3":{"start":{"line":9,"column":4},"end":{"line":9,"column":36}},"4":{"start":{"line":12,"column":0},"end":{"line":15,"column":1}}},"fnMap":{"0":{"name":"signToken","decl":{"start":{"line":4,"column":9},"end":{"line":4,"column":18}},"loc":{"start":{"line":4,"column":27},"end":{"line":6,"column":1}},"line":4},"1":{"name":"verifyToken","decl":{"start":{"line":8,"column":9},"end":{"line":8,"column":20}},"loc":{"start":{"line":8,"column":27},"end":{"line":10,"column":1}},"line":8}},"branchMap":{},"s":{"0":1,"1":1,"2":0,"3":0,"4":1},"f":{"0":0,"1":0},"b":{},"_coverageSchema":"1a1c01bbd47fc00a2c39e90264f33305004495a9","hash":"cdc609df8bb57b4a0cb2127a0f38064deb32c7cc"}
,"/Users/halimsyarif/Documents/Bootcamp/Phase3/Final Project/hospiCare/server/middlewares/errorhandler.js": {"path":"/Users/halimsyarif/Documents/Bootcamp/Phase3/Final Project/hospiCare/server/middlewares/errorhandler.js","statementMap":{"0":{"start":{"line":1,"column":21},"end":{"line":58,"column":1}},"1":{"start":{"line":2,"column":13},"end":{"line":2,"column":16}},"2":{"start":{"line":3,"column":16},"end":{"line":3,"column":39}},"3":{"start":{"line":5,"column":2},"end":{"line":53,"column":3}},"4":{"start":{"line":7,"column":6},"end":{"line":7,"column":17}},"5":{"start":{"line":8,"column":6},"end":{"line":8,"column":51}},"6":{"start":{"line":9,"column":6},"end":{"line":9,"column":12}},"7":{"start":{"line":12,"column":6},"end":{"line":12,"column":17}},"8":{"start":{"line":13,"column":6},"end":{"line":13,"column":42}},"9":{"start":{"line":14,"column":6},"end":{"line":14,"column":12}},"10":{"start":{"line":17,"column":6},"end":{"line":17,"column":17}},"11":{"start":{"line":18,"column":6},"end":{"line":18,"column":51}},"12":{"start":{"line":18,"column":39},"end":{"line":18,"column":49}},"13":{"start":{"line":19,"column":6},"end":{"line":19,"column":12}},"14":{"start":{"line":22,"column":6},"end":{"line":22,"column":17}},"15":{"start":{"line":23,"column":6},"end":{"line":23,"column":40}},"16":{"start":{"line":24,"column":6},"end":{"line":24,"column":12}},"17":{"start":{"line":27,"column":6},"end":{"line":27,"column":17}},"18":{"start":{"line":28,"column":6},"end":{"line":28,"column":37}},"19":{"start":{"line":29,"column":6},"end":{"line":29,"column":12}},"20":{"start":{"line":32,"column":6},"end":{"line":32,"column":17}},"21":{"start":{"line":33,"column":6},"end":{"line":33,"column":47}},"22":{"start":{"line":34,"column":6},"end":{"line":34,"column":12}},"23":{"start":{"line":37,"column":6},"end":{"line":37,"column":17}},"24":{"start":{"line":38,"column":6},"end":{"line":38,"column":36}},"25":{"start":{"line":39,"column":6},"end":{"line":39,"column":12}},"26":{"start":{"line":42,"column":6},"end":{"line":42,"column":17}},"27":{"start":{"line":43,"column":6},"end":{"line":43,"column":42}},"28":{"start":{"line":44,"column":6},"end":{"line":44,"column":12}},"29":{"start":{"line":47,"column":6},"end":{"line":47,"column":17}},"30":{"start":{"line":48,"column":6},"end":{"line":48,"column":41}},"31":{"start":{"line":49,"column":6},"end":{"line":49,"column":12}},"32":{"start":{"line":52,"column":6},"end":{"line":52,"column":12}},"33":{"start":{"line":55,"column":2},"end":{"line":55,"column":19}},"34":{"start":{"line":56,"column":2},"end":{"line":56,"column":24}},"35":{"start":{"line":57,"column":2},"end":{"line":57,"column":37}},"36":{"start":{"line":60,"column":0},"end":{"line":60,"column":30}}},"fnMap":{"0":{"name":"(anonymous_0)","decl":{"start":{"line":1,"column":21},"end":{"line":1,"column":22}},"loc":{"start":{"line":1,"column":46},"end":{"line":58,"column":1}},"line":1},"1":{"name":"(anonymous_1)","decl":{"start":{"line":18,"column":31},"end":{"line":18,"column":32}},"loc":{"start":{"line":18,"column":39},"end":{"line":18,"column":49}},"line":18}},"branchMap":{"0":{"loc":{"start":{"line":5,"column":2},"end":{"line":53,"column":3}},"type":"switch","locations":[{"start":{"line":6,"column":4},"end":{"line":9,"column":12}},{"start":{"line":11,"column":4},"end":{"line":14,"column":12}},{"start":{"line":16,"column":4},"end":{"line":19,"column":12}},{"start":{"line":21,"column":4},"end":{"line":24,"column":12}},{"start":{"line":26,"column":4},"end":{"line":29,"column":12}},{"start":{"line":31,"column":4},"end":{"line":34,"column":12}},{"start":{"line":36,"column":4},"end":{"line":39,"column":12}},{"start":{"line":41,"column":4},"end":{"line":44,"column":12}},{"start":{"line":46,"column":4},"end":{"line":49,"column":12}},{"start":{"line":51,"column":4},"end":{"line":52,"column":12}}],"line":5}},"s":{"0":1,"1":0,"2":0,"3":0,"4":0,"5":0,"6":0,"7":0,"8":0,"9":0,"10":0,"11":0,"12":0,"13":0,"14":0,"15":0,"16":0,"17":0,"18":0,"19":0,"20":0,"21":0,"22":0,"23":0,"24":0,"25":0,"26":0,"27":0,"28":0,"29":0,"30":0,"31":0,"32":0,"33":0,"34":0,"35":0,"36":1},"f":{"0":0,"1":0},"b":{"0":[0,0,0,0,0,0,0,0,0,0]},"_coverageSchema":"1a1c01bbd47fc00a2c39e90264f33305004495a9","hash":"99dc33dba57fa266750db20984ab99ce5d21733f"}
,"/Users/halimsyarif/Documents/Bootcamp/Phase3/Final Project/hospiCare/server/models/bookingSchedule.js": {"path":"/Users/halimsyarif/Documents/Bootcamp/Phase3/Final Project/hospiCare/server/models/bookingSchedule.js","statementMap":{"0":{"start":{"line":4,"column":4},"end":{"line":4,"column":24}},"1":{"start":{"line":5,"column":0},"end":{"line":40,"column":2}},"2":{"start":{"line":16,"column":2},"end":{"line":38,"column":5}},"3":{"start":{"line":33,"column":8},"end":{"line":33,"column":27}},"4":{"start":{"line":39,"column":2},"end":{"line":39,"column":25}}},"fnMap":{"0":{"name":"(anonymous_0)","decl":{"start":{"line":5,"column":17},"end":{"line":5,"column":18}},"loc":{"start":{"line":5,"column":43},"end":{"line":40,"column":1}},"line":5},"1":{"name":"(anonymous_1)","decl":{"start":{"line":12,"column":4},"end":{"line":12,"column":5}},"loc":{"start":{"line":12,"column":29},"end":{"line":14,"column":5}},"line":12},"2":{"name":"(anonymous_2)","decl":{"start":{"line":32,"column":6},"end":{"line":32,"column":7}},"loc":{"start":{"line":32,"column":24},"end":{"line":34,"column":7}},"line":32}},"branchMap":{},"s":{"0":1,"1":1,"2":1,"3":0,"4":1},"f":{"0":1,"1":1,"2":0},"b":{},"_coverageSchema":"1a1c01bbd47fc00a2c39e90264f33305004495a9","hash":"84d71c076c9da63fdf48a6844360da91168417ee"}
,"/Users/halimsyarif/Documents/Bootcamp/Phase3/Final Project/hospiCare/server/models/day.js": {"path":"/Users/halimsyarif/Documents/Bootcamp/Phase3/Final Project/hospiCare/server/models/day.js","statementMap":{"0":{"start":{"line":4,"column":4},"end":{"line":4,"column":24}},"1":{"start":{"line":5,"column":0},"end":{"line":26,"column":2}},"2":{"start":{"line":16,"column":2},"end":{"line":24,"column":5}},"3":{"start":{"line":25,"column":2},"end":{"line":25,"column":13}}},"fnMap":{"0":{"name":"(anonymous_0)","decl":{"start":{"line":5,"column":17},"end":{"line":5,"column":18}},"loc":{"start":{"line":5,"column":43},"end":{"line":26,"column":1}},"line":5},"1":{"name":"(anonymous_1)","decl":{"start":{"line":12,"column":4},"end":{"line":12,"column":5}},"loc":{"start":{"line":12,"column":29},"end":{"line":14,"column":5}},"line":12}},"branchMap":{},"s":{"0":1,"1":1,"2":1,"3":1},"f":{"0":1,"1":1},"b":{},"_coverageSchema":"1a1c01bbd47fc00a2c39e90264f33305004495a9","hash":"6cd876b32a0afac5163eaa0f3ab2c23d27a4fd91"}
,"/Users/halimsyarif/Documents/Bootcamp/Phase3/Final Project/hospiCare/server/models/doctorSchedule.js": {"path":"/Users/halimsyarif/Documents/Bootcamp/Phase3/Final Project/hospiCare/server/models/doctorSchedule.js","statementMap":{"0":{"start":{"line":4,"column":4},"end":{"line":4,"column":24}},"1":{"start":{"line":5,"column":0},"end":{"line":46,"column":2}},"2":{"start":{"line":16,"column":2},"end":{"line":44,"column":5}},"3":{"start":{"line":45,"column":2},"end":{"line":45,"column":24}}},"fnMap":{"0":{"name":"(anonymous_0)","decl":{"start":{"line":5,"column":17},"end":{"line":5,"column":18}},"loc":{"start":{"line":5,"column":43},"end":{"line":46,"column":1}},"line":5},"1":{"name":"(anonymous_1)","decl":{"start":{"line":12,"column":4},"end":{"line":12,"column":5}},"loc":{"start":{"line":12,"column":29},"end":{"line":14,"column":5}},"line":12}},"branchMap":{},"s":{"0":1,"1":1,"2":1,"3":1},"f":{"0":1,"1":1},"b":{},"_coverageSchema":"1a1c01bbd47fc00a2c39e90264f33305004495a9","hash":"08c5f34e4591abf8fed809aba531d549fd90c3b9"}
,"/Users/halimsyarif/Documents/Bootcamp/Phase3/Final Project/hospiCare/server/models/employee.js": {"path":"/Users/halimsyarif/Documents/Bootcamp/Phase3/Final Project/hospiCare/server/models/employee.js","statementMap":{"0":{"start":{"line":4,"column":4},"end":{"line":4,"column":24}},"1":{"start":{"line":5,"column":0},"end":{"line":52,"column":2}},"2":{"start":{"line":16,"column":2},"end":{"line":50,"column":5}},"3":{"start":{"line":51,"column":2},"end":{"line":51,"column":18}}},"fnMap":{"0":{"name":"(anonymous_0)","decl":{"start":{"line":5,"column":17},"end":{"line":5,"column":18}},"loc":{"start":{"line":5,"column":43},"end":{"line":52,"column":1}},"line":5},"1":{"name":"(anonymous_1)","decl":{"start":{"line":12,"column":4},"end":{"line":12,"column":5}},"loc":{"start":{"line":12,"column":29},"end":{"line":14,"column":5}},"line":12}},"branchMap":{},"s":{"0":1,"1":1,"2":1,"3":1},"f":{"0":1,"1":1},"b":{},"_coverageSchema":"1a1c01bbd47fc00a2c39e90264f33305004495a9","hash":"7511dac83874037cd861d440ef99d61a6a5b332c"}
,"/Users/halimsyarif/Documents/Bootcamp/Phase3/Final Project/hospiCare/server/models/index.js": {"path":"/Users/halimsyarif/Documents/Bootcamp/Phase3/Final Project/hospiCare/server/models/index.js","statementMap":{"0":{"start":{"line":3,"column":11},"end":{"line":3,"column":24}},"1":{"start":{"line":4,"column":13},"end":{"line":4,"column":28}},"2":{"start":{"line":5,"column":18},"end":{"line":5,"column":38}},"3":{"start":{"line":6,"column":17},"end":{"line":6,"column":42}},"4":{"start":{"line":7,"column":12},"end":{"line":7,"column":49}},"5":{"start":{"line":8,"column":15},"end":{"line":8,"column":65}},"6":{"start":{"line":9,"column":11},"end":{"line":9,"column":13}},"7":{"start":{"line":12,"column":0},"end":{"line":16,"column":1}},"8":{"start":{"line":13,"column":2},"end":{"line":13,"column":74}},"9":{"start":{"line":15,"column":2},"end":{"line":15,"column":87}},"10":{"start":{"line":18,"column":0},"end":{"line":26,"column":5}},"11":{"start":{"line":21,"column":4},"end":{"line":21,"column":90}},"12":{"start":{"line":24,"column":18},"end":{"line":24,"column":85}},"13":{"start":{"line":25,"column":4},"end":{"line":25,"column":27}},"14":{"start":{"line":28,"column":0},"end":{"line":32,"column":3}},"15":{"start":{"line":29,"column":2},"end":{"line":31,"column":3}},"16":{"start":{"line":30,"column":4},"end":{"line":30,"column":32}},"17":{"start":{"line":34,"column":0},"end":{"line":34,"column":25}},"18":{"start":{"line":35,"column":0},"end":{"line":35,"column":25}},"19":{"start":{"line":37,"column":0},"end":{"line":37,"column":20}}},"fnMap":{"0":{"name":"(anonymous_0)","decl":{"start":{"line":20,"column":10},"end":{"line":20,"column":11}},"loc":{"start":{"line":20,"column":18},"end":{"line":22,"column":3}},"line":20},"1":{"name":"(anonymous_1)","decl":{"start":{"line":23,"column":11},"end":{"line":23,"column":12}},"loc":{"start":{"line":23,"column":19},"end":{"line":26,"column":3}},"line":23},"2":{"name":"(anonymous_2)","decl":{"start":{"line":28,"column":24},"end":{"line":28,"column":25}},"loc":{"start":{"line":28,"column":37},"end":{"line":32,"column":1}},"line":28}},"branchMap":{"0":{"loc":{"start":{"line":7,"column":12},"end":{"line":7,"column":49}},"type":"binary-expr","locations":[{"start":{"line":7,"column":12},"end":{"line":7,"column":32}},{"start":{"line":7,"column":36},"end":{"line":7,"column":49}}],"line":7},"1":{"loc":{"start":{"line":12,"column":0},"end":{"line":16,"column":1}},"type":"if","locations":[{"start":{"line":12,"column":0},"end":{"line":16,"column":1}},{"start":{"line":12,"column":0},"end":{"line":16,"column":1}}],"line":12},"2":{"loc":{"start":{"line":21,"column":11},"end":{"line":21,"column":89}},"type":"binary-expr","locations":[{"start":{"line":21,"column":12},"end":{"line":21,"column":35}},{"start":{"line":21,"column":41},"end":{"line":21,"column":58}},{"start":{"line":21,"column":64},"end":{"line":21,"column":88}}],"line":21},"3":{"loc":{"start":{"line":29,"column":2},"end":{"line":31,"column":3}},"type":"if","locations":[{"start":{"line":29,"column":2},"end":{"line":31,"column":3}},{"start":{"line":29,"column":2},"end":{"line":31,"column":3}}],"line":29}},"s":{"0":1,"1":1,"2":1,"3":1,"4":1,"5":1,"6":1,"7":1,"8":0,"9":1,"10":1,"11":10,"12":9,"13":9,"14":1,"15":9,"16":9,"17":1,"18":1,"19":1},"f":{"0":10,"1":9,"2":9},"b":{"0":[1,0],"1":[0,1],"2":[10,10,9],"3":[9,0]},"_coverageSchema":"1a1c01bbd47fc00a2c39e90264f33305004495a9","hash":"03feb8013f0c191a7cf02846d193c5357ffed08d"}
,"/Users/halimsyarif/Documents/Bootcamp/Phase3/Final Project/hospiCare/server/models/medicationHistory.js": {"path":"/Users/halimsyarif/Documents/Bootcamp/Phase3/Final Project/hospiCare/server/models/medicationHistory.js","statementMap":{"0":{"start":{"line":4,"column":4},"end":{"line":4,"column":24}},"1":{"start":{"line":5,"column":0},"end":{"line":40,"column":2}},"2":{"start":{"line":16,"column":2},"end":{"line":38,"column":5}},"3":{"start":{"line":33,"column":8},"end":{"line":33,"column":28}},"4":{"start":{"line":39,"column":2},"end":{"line":39,"column":27}}},"fnMap":{"0":{"name":"(anonymous_0)","decl":{"start":{"line":5,"column":17},"end":{"line":5,"column":18}},"loc":{"start":{"line":5,"column":43},"end":{"line":40,"column":1}},"line":5},"1":{"name":"(anonymous_1)","decl":{"start":{"line":12,"column":4},"end":{"line":12,"column":5}},"loc":{"start":{"line":12,"column":29},"end":{"line":14,"column":5}},"line":12},"2":{"name":"(anonymous_2)","decl":{"start":{"line":32,"column":6},"end":{"line":32,"column":7}},"loc":{"start":{"line":32,"column":24},"end":{"line":34,"column":7}},"line":32}},"branchMap":{},"s":{"0":1,"1":1,"2":1,"3":0,"4":1},"f":{"0":1,"1":1,"2":0},"b":{},"_coverageSchema":"1a1c01bbd47fc00a2c39e90264f33305004495a9","hash":"eb6707034889dde4290605860ce09bc216334608"}
,"/Users/halimsyarif/Documents/Bootcamp/Phase3/Final Project/hospiCare/server/models/medicine.js": {"path":"/Users/halimsyarif/Documents/Bootcamp/Phase3/Final Project/hospiCare/server/models/medicine.js","statementMap":{"0":{"start":{"line":4,"column":4},"end":{"line":4,"column":24}},"1":{"start":{"line":5,"column":0},"end":{"line":34,"column":2}},"2":{"start":{"line":16,"column":2},"end":{"line":32,"column":5}},"3":{"start":{"line":33,"column":2},"end":{"line":33,"column":18}}},"fnMap":{"0":{"name":"(anonymous_0)","decl":{"start":{"line":5,"column":17},"end":{"line":5,"column":18}},"loc":{"start":{"line":5,"column":43},"end":{"line":34,"column":1}},"line":5},"1":{"name":"(anonymous_1)","decl":{"start":{"line":12,"column":4},"end":{"line":12,"column":5}},"loc":{"start":{"line":12,"column":29},"end":{"line":14,"column":5}},"line":12}},"branchMap":{},"s":{"0":1,"1":1,"2":1,"3":1},"f":{"0":1,"1":1},"b":{},"_coverageSchema":"1a1c01bbd47fc00a2c39e90264f33305004495a9","hash":"17d5f3b928d2ac37c9a6470be0b5fa39b6011853"}
,"/Users/halimsyarif/Documents/Bootcamp/Phase3/Final Project/hospiCare/server/models/patient.js": {"path":"/Users/halimsyarif/Documents/Bootcamp/Phase3/Final Project/hospiCare/server/models/patient.js","statementMap":{"0":{"start":{"line":4,"column":4},"end":{"line":4,"column":24}},"1":{"start":{"line":5,"column":0},"end":{"line":46,"column":2}},"2":{"start":{"line":16,"column":2},"end":{"line":44,"column":5}},"3":{"start":{"line":45,"column":2},"end":{"line":45,"column":17}}},"fnMap":{"0":{"name":"(anonymous_0)","decl":{"start":{"line":5,"column":17},"end":{"line":5,"column":18}},"loc":{"start":{"line":5,"column":43},"end":{"line":46,"column":1}},"line":5},"1":{"name":"(anonymous_1)","decl":{"start":{"line":12,"column":4},"end":{"line":12,"column":5}},"loc":{"start":{"line":12,"column":29},"end":{"line":14,"column":5}},"line":12}},"branchMap":{},"s":{"0":1,"1":1,"2":1,"3":1},"f":{"0":1,"1":1},"b":{},"_coverageSchema":"1a1c01bbd47fc00a2c39e90264f33305004495a9","hash":"2de6b961b8e803ff2eae7e56a3ad75395641db86"}
,"/Users/halimsyarif/Documents/Bootcamp/Phase3/Final Project/hospiCare/server/models/patientMedicine.js": {"path":"/Users/halimsyarif/Documents/Bootcamp/Phase3/Final Project/hospiCare/server/models/patientMedicine.js","statementMap":{"0":{"start":{"line":4,"column":4},"end":{"line":4,"column":24}},"1":{"start":{"line":5,"column":0},"end":{"line":37,"column":2}},"2":{"start":{"line":16,"column":2},"end":{"line":35,"column":5}},"3":{"start":{"line":36,"column":2},"end":{"line":36,"column":25}}},"fnMap":{"0":{"name":"(anonymous_0)","decl":{"start":{"line":5,"column":17},"end":{"line":5,"column":18}},"loc":{"start":{"line":5,"column":43},"end":{"line":37,"column":1}},"line":5},"1":{"name":"(anonymous_1)","decl":{"start":{"line":12,"column":4},"end":{"line":12,"column":5}},"loc":{"start":{"line":12,"column":29},"end":{"line":14,"column":5}},"line":12}},"branchMap":{},"s":{"0":1,"1":1,"2":1,"3":1},"f":{"0":1,"1":1},"b":{},"_coverageSchema":"1a1c01bbd47fc00a2c39e90264f33305004495a9","hash":"e29b0bdef8c093d25b075c3841e385f85cf3917b"}
,"/Users/halimsyarif/Documents/Bootcamp/Phase3/Final Project/hospiCare/server/models/poli.js": {"path":"/Users/halimsyarif/Documents/Bootcamp/Phase3/Final Project/hospiCare/server/models/poli.js","statementMap":{"0":{"start":{"line":4,"column":4},"end":{"line":4,"column":24}},"1":{"start":{"line":5,"column":0},"end":{"line":26,"column":2}},"2":{"start":{"line":16,"column":2},"end":{"line":24,"column":5}},"3":{"start":{"line":25,"column":2},"end":{"line":25,"column":14}}},"fnMap":{"0":{"name":"(anonymous_0)","decl":{"start":{"line":5,"column":17},"end":{"line":5,"column":18}},"loc":{"start":{"line":5,"column":43},"end":{"line":26,"column":1}},"line":5},"1":{"name":"(anonymous_1)","decl":{"start":{"line":12,"column":4},"end":{"line":12,"column":5}},"loc":{"start":{"line":12,"column":29},"end":{"line":14,"column":5}},"line":12}},"branchMap":{},"s":{"0":1,"1":1,"2":1,"3":1},"f":{"0":1,"1":1},"b":{},"_coverageSchema":"1a1c01bbd47fc00a2c39e90264f33305004495a9","hash":"3b8bd41952287da30efc6aae0ed6614e9ef43f32"}
,"/Users/halimsyarif/Documents/Bootcamp/Phase3/Final Project/hospiCare/server/routes/bookings.js": {"path":"/Users/halimsyarif/Documents/Bootcamp/Phase3/Final Project/hospiCare/server/routes/bookings.js","statementMap":{"0":{"start":{"line":1,"column":15},"end":{"line":1,"column":42}},"1":{"start":{"line":3,"column":0},"end":{"line":3,"column":15}},"2":{"start":{"line":4,"column":0},"end":{"line":4,"column":25}},"3":{"start":{"line":5,"column":0},"end":{"line":5,"column":24}},"4":{"start":{"line":6,"column":0},"end":{"line":6,"column":16}},"5":{"start":{"line":7,"column":0},"end":{"line":7,"column":17}},"6":{"start":{"line":8,"column":0},"end":{"line":8,"column":18}},"7":{"start":{"line":10,"column":0},"end":{"line":10,"column":23}}},"fnMap":{},"branchMap":{},"s":{"0":1,"1":1,"2":1,"3":1,"4":1,"5":1,"6":1,"7":1},"f":{},"b":{},"_coverageSchema":"1a1c01bbd47fc00a2c39e90264f33305004495a9","hash":"6699ef0415921f5886acd3acd2bee74e530505e5"}
,"/Users/halimsyarif/Documents/Bootcamp/Phase3/Final Project/hospiCare/server/routes/days.js": {"path":"/Users/halimsyarif/Documents/Bootcamp/Phase3/Final Project/hospiCare/server/routes/days.js","statementMap":{"0":{"start":{"line":1,"column":15},"end":{"line":1,"column":42}},"1":{"start":{"line":4,"column":0},"end":{"line":4,"column":15}},"2":{"start":{"line":5,"column":0},"end":{"line":5,"column":16}},"3":{"start":{"line":6,"column":0},"end":{"line":6,"column":18}},"4":{"start":{"line":8,"column":0},"end":{"line":8,"column":23}}},"fnMap":{},"branchMap":{},"s":{"0":1,"1":1,"2":1,"3":1,"4":1},"f":{},"b":{},"_coverageSchema":"1a1c01bbd47fc00a2c39e90264f33305004495a9","hash":"c3904b39565b83f9c419973a45cb34b49c431046"}
,"/Users/halimsyarif/Documents/Bootcamp/Phase3/Final Project/hospiCare/server/routes/employees.js": {"path":"/Users/halimsyarif/Documents/Bootcamp/Phase3/Final Project/hospiCare/server/routes/employees.js","statementMap":{"0":{"start":{"line":1,"column":15},"end":{"line":1,"column":42}},"1":{"start":{"line":2,"column":27},"end":{"line":2,"column":61}},"2":{"start":{"line":5,"column":0},"end":{"line":5,"column":55}},"3":{"start":{"line":6,"column":0},"end":{"line":6,"column":15}},"4":{"start":{"line":7,"column":0},"end":{"line":7,"column":18}},"5":{"start":{"line":8,"column":0},"end":{"line":8,"column":22}},"6":{"start":{"line":9,"column":0},"end":{"line":9,"column":28}},"7":{"start":{"line":10,"column":0},"end":{"line":10,"column":23}},"8":{"start":{"line":11,"column":0},"end":{"line":11,"column":15}},"9":{"start":{"line":12,"column":0},"end":{"line":12,"column":18}},"10":{"start":{"line":15,"column":0},"end":{"line":15,"column":23}}},"fnMap":{},"branchMap":{},"s":{"0":1,"1":1,"2":1,"3":1,"4":1,"5":1,"6":1,"7":1,"8":1,"9":1,"10":1},"f":{},"b":{},"_coverageSchema":"1a1c01bbd47fc00a2c39e90264f33305004495a9","hash":"da08cde61ccf03984a31869e0dcacdb765589edc"}
,"/Users/halimsyarif/Documents/Bootcamp/Phase3/Final Project/hospiCare/server/routes/histories.js": {"path":"/Users/halimsyarif/Documents/Bootcamp/Phase3/Final Project/hospiCare/server/routes/histories.js","statementMap":{"0":{"start":{"line":1,"column":15},"end":{"line":1,"column":42}},"1":{"start":{"line":3,"column":0},"end":{"line":3,"column":15}},"2":{"start":{"line":4,"column":0},"end":{"line":4,"column":25}},"3":{"start":{"line":5,"column":0},"end":{"line":5,"column":16}},"4":{"start":{"line":6,"column":0},"end":{"line":6,"column":17}},"5":{"start":{"line":7,"column":0},"end":{"line":7,"column":18}},"6":{"start":{"line":9,"column":0},"end":{"line":9,"column":23}}},"fnMap":{},"branchMap":{},"s":{"0":1,"1":1,"2":1,"3":1,"4":1,"5":1,"6":1},"f":{},"b":{},"_coverageSchema":"1a1c01bbd47fc00a2c39e90264f33305004495a9","hash":"aae1e3fe05603c3b7574906b74d61086a90e2c8a"}
,"/Users/halimsyarif/Documents/Bootcamp/Phase3/Final Project/hospiCare/server/routes/index.js": {"path":"/Users/halimsyarif/Documents/Bootcamp/Phase3/Final Project/hospiCare/server/routes/index.js","statementMap":{"0":{"start":{"line":1,"column":15},"end":{"line":1,"column":42}},"1":{"start":{"line":2,"column":21},"end":{"line":2,"column":59}},"2":{"start":{"line":3,"column":23},"end":{"line":3,"column":44}},"3":{"start":{"line":4,"column":24},"end":{"line":4,"column":46}},"4":{"start":{"line":5,"column":19},"end":{"line":5,"column":36}},"5":{"start":{"line":6,"column":24},"end":{"line":6,"column":46}},"6":{"start":{"line":7,"column":23},"end":{"line":7,"column":45}},"7":{"start":{"line":8,"column":23},"end":{"line":8,"column":44}},"8":{"start":{"line":9,"column":24},"end":{"line":9,"column":46}},"9":{"start":{"line":12,"column":0},"end":{"line":12,"column":39}},"10":{"start":{"line":13,"column":0},"end":{"line":13,"column":41}},"11":{"start":{"line":14,"column":0},"end":{"line":14,"column":31}},"12":{"start":{"line":15,"column":0},"end":{"line":15,"column":41}},"13":{"start":{"line":16,"column":0},"end":{"line":16,"column":40}},"14":{"start":{"line":17,"column":0},"end":{"line":17,"column":39}},"15":{"start":{"line":18,"column":0},"end":{"line":18,"column":39}},"16":{"start":{"line":21,"column":0},"end":{"line":21,"column":24}},"17":{"start":{"line":25,"column":0},"end":{"line":25,"column":23}}},"fnMap":{},"branchMap":{},"s":{"0":1,"1":1,"2":1,"3":1,"4":1,"5":1,"6":1,"7":1,"8":1,"9":1,"10":1,"11":1,"12":1,"13":1,"14":1,"15":1,"16":1,"17":1},"f":{},"b":{},"_coverageSchema":"1a1c01bbd47fc00a2c39e90264f33305004495a9","hash":"92665a410b4845b4afe2590fa5249d57e1374916"}
,"/Users/halimsyarif/Documents/Bootcamp/Phase3/Final Project/hospiCare/server/routes/medicines.js": {"path":"/Users/halimsyarif/Documents/Bootcamp/Phase3/Final Project/hospiCare/server/routes/medicines.js","statementMap":{"0":{"start":{"line":1,"column":15},"end":{"line":1,"column":42}},"1":{"start":{"line":4,"column":0},"end":{"line":4,"column":15}},"2":{"start":{"line":5,"column":0},"end":{"line":5,"column":18}},"3":{"start":{"line":6,"column":0},"end":{"line":6,"column":16}},"4":{"start":{"line":7,"column":0},"end":{"line":7,"column":15}},"5":{"start":{"line":8,"column":0},"end":{"line":8,"column":18}},"6":{"start":{"line":11,"column":0},"end":{"line":11,"column":23}}},"fnMap":{},"branchMap":{},"s":{"0":1,"1":1,"2":1,"3":1,"4":1,"5":1,"6":1},"f":{},"b":{},"_coverageSchema":"1a1c01bbd47fc00a2c39e90264f33305004495a9","hash":"cf9adad4c413fc55b15bccc06896ace998f1b9d2"}
,"/Users/halimsyarif/Documents/Bootcamp/Phase3/Final Project/hospiCare/server/routes/patients.js": {"path":"/Users/halimsyarif/Documents/Bootcamp/Phase3/Final Project/hospiCare/server/routes/patients.js","statementMap":{"0":{"start":{"line":1,"column":15},"end":{"line":1,"column":42}},"1":{"start":{"line":4,"column":0},"end":{"line":4,"column":47}},"2":{"start":{"line":4,"column":29},"end":{"line":4,"column":46}},"3":{"start":{"line":5,"column":0},"end":{"line":5,"column":18}},"4":{"start":{"line":6,"column":0},"end":{"line":6,"column":16}},"5":{"start":{"line":7,"column":0},"end":{"line":7,"column":15}},"6":{"start":{"line":8,"column":0},"end":{"line":8,"column":18}},"7":{"start":{"line":11,"column":0},"end":{"line":11,"column":23}}},"fnMap":{"0":{"name":"(anonymous_0)","decl":{"start":{"line":4,"column":16},"end":{"line":4,"column":17}},"loc":{"start":{"line":4,"column":29},"end":{"line":4,"column":46}},"line":4}},"branchMap":{},"s":{"0":1,"1":1,"2":0,"3":1,"4":1,"5":1,"6":1,"7":1},"f":{"0":0},"b":{},"_coverageSchema":"1a1c01bbd47fc00a2c39e90264f33305004495a9","hash":"9f396c7fbb0e6922cef8b921da55cf7ebe158f7c"}
,"/Users/halimsyarif/Documents/Bootcamp/Phase3/Final Project/hospiCare/server/routes/schedules.js": {"path":"/Users/halimsyarif/Documents/Bootcamp/Phase3/Final Project/hospiCare/server/routes/schedules.js","statementMap":{"0":{"start":{"line":1,"column":15},"end":{"line":1,"column":42}},"1":{"start":{"line":3,"column":0},"end":{"line":3,"column":15}},"2":{"start":{"line":4,"column":0},"end":{"line":4,"column":24}},"3":{"start":{"line":5,"column":0},"end":{"line":5,"column":16}},"4":{"start":{"line":6,"column":0},"end":{"line":6,"column":15}},"5":{"start":{"line":7,"column":0},"end":{"line":7,"column":18}},"6":{"start":{"line":9,"column":0},"end":{"line":9,"column":23}}},"fnMap":{},"branchMap":{},"s":{"0":1,"1":1,"2":1,"3":1,"4":1,"5":1,"6":1},"f":{},"b":{},"_coverageSchema":"1a1c01bbd47fc00a2c39e90264f33305004495a9","hash":"dabce9fc044a3abac8c4482f968cdb79fc5112c2"}
}
